#
# There is insufficient memory for the Java Runtime Environment to continue.
# Native memory allocation (mmap) failed to map 132120576 bytes for G1 virtual space
# Possible reasons:
#   The system is out of physical RAM or swap space
#   The process is running with CompressedOops enabled, and the Java Heap may be blocking the growth of the native heap
# Possible solutions:
#   Reduce memory load on the system
#   Increase physical memory or swap space
#   Check if swap backing store is full
#   Decrease Java heap size (-Xmx/-Xms)
#   Decrease number of Java threads
#   Decrease Java thread stack sizes (-Xss)
#   Set larger code cache with -XX:ReservedCodeCacheSize=
#   JVM is running with Unscaled Compressed Oops mode in which the Java heap is
#     placed in the first 4GB address space. The Java Heap base address is the
#     maximum limit for the native heap growth. Please use -XX:HeapBaseMinAddress
#     to set the Java Heap base and to place the Java Heap above 4GB virtual address.
# This output file may be truncated or incomplete.
#
#  Out of Memory Error (os_windows.cpp:3557), pid=7736, tid=4656
#
# JRE version:  (17.0.6+10) (build )
# Java VM: OpenJDK 64-Bit Server VM (17.0.6+10, mixed mode, sharing, tiered, compressed oops, compressed class ptrs, g1 gc, windows-amd64)
# No core dump will be written. Minidumps are not enabled by default on client versions of Windows
#

---------------  S U M M A R Y ------------

Command Line: -Dfile.encoding=UTF-8 -XX:+ShowCodeDetailsInExceptionMessages GUI.Single

Host: Intel(R) Core(TM) i7-1065G7 CPU @ 1.30GHz, 8 cores, 7G,  Windows 11 , 64 bit Build 25267 (10.0.25267.1000)
Time: Tue Apr 18 13:28:56 2023 Nepal Standard Time elapsed time: 0.016311 seconds (0d 0h 0m 0s)

---------------  T H R E A D  ---------------

Current thread (0x000001f4b9358930):  JavaThread "Unknown thread" [_thread_in_vm, id=4656, stack(0x000000cad7300000,0x000000cad7400000)]

Stack: [0x000000cad7300000,0x000000cad7400000]
Native frames: (J=compiled Java code, j=interpreted, Vv=VM code, C=native code)
V  [jvm.dll+0x67741a]
V  [jvm.dll+0x834434]
V  [jvm.dll+0x835bde]
V  [jvm.dll+0x836243]
V  [jvm.dll+0x2457b5]
V  [jvm.dll+0x674329]
V  [jvm.dll+0x6689da]
V  [jvm.dll+0x30489b]
V  [jvm.dll+0x30bd96]
V  [jvm.dll+0x35b57e]
V  [jvm.dll+0x35b7af]
V  [jvm.dll+0x2db778]
V  [jvm.dll+0x2dc6e4]
V  [jvm.dll+0x806131]
V  [jvm.dll+0x369331]
V  [jvm.dll+0x7e56ac]
V  [jvm.dll+0x3eb35f]
V  [jvm.dll+0x3ecea1]
C  [jli.dll+0x5267]
C  [ucrtbase.dll+0x2b11b]
C  [KERNEL32.DLL+0x13d2d]
C  [ntdll.dll+0x4d838]


---------------  P R O C E S S  ---------------

Threads class SMR info:
_java_thread_list=0x00007fff6b075fd8, length=0, elements={
}

Java Threads: ( => current thread )

Other Threads:
  0x000001f4b93b5e10 GCTaskThread "GC Thread#0" [stack: 0x000000cad7400000,0x000000cad7500000] [id=25160]
  0x000001f4b93c6650 ConcurrentGCThread "G1 Main Marker" [stack: 0x000000cad7500000,0x000000cad7600000] [id=12164]
  0x000001f4b93c7060 ConcurrentGCThread "G1 Conc#0" [stack: 0x000000cad7600000,0x000000cad7700000] [id=26464]

[error occurred during error reporting (printing all threads), id 0xc0000005, EXCEPTION_ACCESS_VIOLATION (0xc0000005) at pc=0x00007fff6a84c1e7]

VM state: not at safepoint (not fully initialized)

VM Mutex/Monitor currently owned by a thread:  ([mutex/lock_event])
[0x000001f4b930d7d0] Heap_lock - owner thread: 0x000001f4b9358930

Heap address: 0x0000000083800000, size: 1992 MB, Compressed Oops mode: 32-bit

CDS archive(s) mapped at: [0x0000000000000000-0x0000000000000000-0x0000000000000000), size 0, SharedBaseAddress: 0x0000000800000000, ArchiveRelocationMode: 0.
Narrow klass base: 0x0000000000000000, Narrow klass shift: 0, Narrow klass range: 0x0

GC Precious Log:
<Empty>

Heap:
 garbage-first heap   total 0K, used 0K [0x0000000083800000, 0x0000000100000000)
  region size 1024K, 0 young (0K), 0 survivors (0K)

[error occurred during error reporting (printing heap information), id 0xc0000005, EXCEPTION_ACCESS_VIOLATION (0xc0000005) at pc=0x00007fff6ac306f9]

GC Heap History (0 events):
No events

Dll operation events (1 events):
Event: 0.011 Loaded shared library C:\Users\Lenovo\.p2\pool\plugins\org.eclipse.justj.openjdk.hotspot.jre.full.win32.x86_64_17.0.6.v20230204-1729\jre\bin\java.dll

Deoptimization events (0 events):
No events

Classes unloaded (0 events):
No events

Classes redefined (0 events):
No events

Internal exceptions (0 events):
No events

VM Operations (0 events):
No events

Events (0 events):
No events


Dynamic libraries:
0x00007ff6f2970000 - 0x00007ff6f297e000 	C:\Users\Lenovo\.p2\pool\plugins\org.eclipse.justj.openjdk.hotspot.jre.full.win32.x86_64_17.0.6.v20230204-1729\jre\bin\javaw.exe
0x00007ff806190000 - 0x00007ff8063a5000 	C:\WINDOWS\SYSTEM32\ntdll.dll
0x00007ff8052c0000 - 0x00007ff805385000 	C:\WINDOWS\System32\KERNEL32.DLL
0x00007ff803680000 - 0x00007ff803a1d000 	C:\WINDOWS\System32\KERNELBASE.dll
0x00007ff803560000 - 0x00007ff803675000 	C:\WINDOWS\System32\ucrtbase.dll
0x00007ffffc5c0000 - 0x00007ffffc5d7000 	C:\Users\Lenovo\.p2\pool\plugins\org.eclipse.justj.openjdk.hotspot.jre.full.win32.x86_64_17.0.6.v20230204-1729\jre\bin\jli.dll
0x00007ff805e20000 - 0x00007ff805fd0000 	C:\WINDOWS\System32\USER32.dll
0x00007ff803530000 - 0x00007ff803556000 	C:\WINDOWS\System32\win32u.dll
0x00007ff806090000 - 0x00007ff8060b8000 	C:\WINDOWS\System32\GDI32.dll
0x00007ff803c40000 - 0x00007ff803d59000 	C:\WINDOWS\System32\gdi32full.dll
0x00007ff803a20000 - 0x00007ff803ab9000 	C:\WINDOWS\System32\msvcp_win.dll
0x00007ffffc5e0000 - 0x00007ffffc5f9000 	C:\Users\Lenovo\.p2\pool\plugins\org.eclipse.justj.openjdk.hotspot.jre.full.win32.x86_64_17.0.6.v20230204-1729\jre\bin\VCRUNTIME140.dll
0x00007fffe8e80000 - 0x00007fffe9112000 	C:\WINDOWS\WinSxS\amd64_microsoft.windows.common-controls_6595b64144ccf1df_6.0.25267.1000_none_7aa5b59bf34adbaf\COMCTL32.dll
0x00007ff805fe0000 - 0x00007ff806087000 	C:\WINDOWS\System32\msvcrt.dll
0x00007ff803fb0000 - 0x00007ff803fe0000 	C:\WINDOWS\System32\IMM32.DLL
0x00007ffffc5b0000 - 0x00007ffffc5bc000 	C:\Users\Lenovo\.p2\pool\plugins\org.eclipse.justj.openjdk.hotspot.jre.full.win32.x86_64_17.0.6.v20230204-1729\jre\bin\vcruntime140_1.dll
0x00007fffee280000 - 0x00007fffee311000 	C:\Users\Lenovo\.p2\pool\plugins\org.eclipse.justj.openjdk.hotspot.jre.full.win32.x86_64_17.0.6.v20230204-1729\jre\bin\msvcp140.dll
0x00007fff6a560000 - 0x00007fff6b1a7000 	C:\Users\Lenovo\.p2\pool\plugins\org.eclipse.justj.openjdk.hotspot.jre.full.win32.x86_64_17.0.6.v20230204-1729\jre\bin\server\jvm.dll
0x00007ff8048c0000 - 0x00007ff80496e000 	C:\WINDOWS\System32\ADVAPI32.dll
0x00007ff805bb0000 - 0x00007ff805c56000 	C:\WINDOWS\System32\sechost.dll
0x00007ff803ff0000 - 0x00007ff804119000 	C:\WINDOWS\System32\RPCRT4.dll
0x00007fffd6250000 - 0x00007fffd6259000 	C:\WINDOWS\SYSTEM32\WSOCK32.dll
0x00007ff8046c0000 - 0x00007ff80472f000 	C:\WINDOWS\System32\WS2_32.dll
0x00007ff800930000 - 0x00007ff800965000 	C:\WINDOWS\SYSTEM32\WINMM.dll
0x00007fffeb3d0000 - 0x00007fffeb3da000 	C:\WINDOWS\SYSTEM32\VERSION.dll
0x00007ff802500000 - 0x00007ff802518000 	C:\WINDOWS\SYSTEM32\kernel.appcore.dll
0x00007ffff0290000 - 0x00007ffff029a000 	C:\Users\Lenovo\.p2\pool\plugins\org.eclipse.justj.openjdk.hotspot.jre.full.win32.x86_64_17.0.6.v20230204-1729\jre\bin\jimage.dll
0x00007ff800d60000 - 0x00007ff800f92000 	C:\WINDOWS\SYSTEM32\DBGHELP.DLL
0x00007ff804230000 - 0x00007ff8045b4000 	C:\WINDOWS\System32\combase.dll
0x00007ff8047e0000 - 0x00007ff8048b8000 	C:\WINDOWS\System32\OLEAUT32.dll
0x00007ff8008f0000 - 0x00007ff800922000 	C:\WINDOWS\SYSTEM32\dbgcore.DLL
0x00007ff803ea0000 - 0x00007ff803f24000 	C:\WINDOWS\System32\bcryptPrimitives.dll
0x00007fffe4c40000 - 0x00007fffe4c65000 	C:\Users\Lenovo\.p2\pool\plugins\org.eclipse.justj.openjdk.hotspot.jre.full.win32.x86_64_17.0.6.v20230204-1729\jre\bin\java.dll

dbghelp: loaded successfully - version: 4.0.5 - missing functions: none
symbol engine: initialized successfully - sym options: 0x614 - pdb path: .;C:\Users\Lenovo\.p2\pool\plugins\org.eclipse.justj.openjdk.hotspot.jre.full.win32.x86_64_17.0.6.v20230204-1729\jre\bin;C:\WINDOWS\SYSTEM32;C:\WINDOWS\WinSxS\amd64_microsoft.windows.common-controls_6595b64144ccf1df_6.0.25267.1000_none_7aa5b59bf34adbaf;C:\Users\Lenovo\.p2\pool\plugins\org.eclipse.justj.openjdk.hotspot.jre.full.win32.x86_64_17.0.6.v20230204-1729\jre\bin\server

VM Arguments:
jvm_args: -Dfile.encoding=UTF-8 -XX:+ShowCodeDetailsInExceptionMessages 
java_command: GUI.Single
java_class_path (initial): C:\Users\Lenovo\eclipse-workspaces\Hotel_Luton\bin;C:\Users\Lenovo\Downloads\jcalendar-1.4\lib\jgoodies-looks-2.4.1.jar;C:\Users\Lenovo\Downloads\jcalendar-1.4\lib\jcalendar-1.4.jar;C:\Users\Lenovo\Downloads\jcalendar-1.4\lib\jgoodies-common-1.2.0.jar;C:\Users\Lenovo\Downloads\jcalendar-1.4\lib\junit-4.6.jar;C:\Users\Lenovo\eclipse-workspaces\Hotel_Luton\Libs\mysql-connector-j-8.0.32.jar
Launcher Type: SUN_STANDARD

[Global flags]
     intx CICompilerCount                          = 4                                         {product} {ergonomic}
     uint ConcGCThreads                            = 2                                         {product} {ergonomic}
     uint G1ConcRefinementThreads                  = 8                                         {product} {ergonomic}
   size_t G1HeapRegionSize                         = 1048576                                   {product} {ergonomic}
    uintx GCDrainStackTargetSize                   = 64                                        {product} {ergonomic}
   size_t InitialHeapSize                          = 132120576                                 {product} {ergonomic}
   size_t MarkStackSize                            = 4194304                                   {product} {ergonomic}
   size_t MaxHeapSize                              = 2088763392                                {product} {ergonomic}
   size_t MinHeapDeltaBytes                        = 1048576                                   {product} {ergonomic}
   size_t MinHeapSize                              = 8388608                                   {product} {ergonomic}
    uintx NonNMethodCodeHeapSize                   = 5839372                                {pd product} {ergonomic}
    uintx NonProfiledCodeHeapSize                  = 122909434                              {pd product} {ergonomic}
    uintx ProfiledCodeHeapSize                     = 122909434                              {pd product} {ergonomic}
    uintx ReservedCodeCacheSize                    = 251658240                              {pd product} {ergonomic}
     bool SegmentedCodeCache                       = true                                      {product} {ergonomic}
     bool ShowCodeDetailsInExceptionMessages       = true                                   {manageable} {command line}
   size_t SoftMaxHeapSize                          = 2088763392                             {manageable} {ergonomic}
     bool UseCompressedClassPointers               = true                           {product lp64_product} {ergonomic}
     bool UseCompressedOops                        = true                           {product lp64_product} {ergonomic}
     bool UseG1GC                                  = true                                      {product} {ergonomic}
     bool UseLargePagesIndividualAllocation        = false                                  {pd product} {ergonomic}

Logging:
Log output configuration:
 #0: stdout all=warning uptime,level,tags
 #1: stderr all=off uptime,level,tags

Environment Variables:
PATH=C:/Users/Lenovo/.p2/pool/plugins/org.eclipse.justj.openjdk.hotspot.jre.full.win32.x86_64_17.0.6.v20230204-1729/jre/bin/server;C:/Users/Lenovo/.p2/pool/plugins/org.eclipse.justj.openjdk.hotspot.jre.full.win32.x86_64_17.0.6.v20230204-1729/jre/bin;C:\Windows\system32;C:\Windows;C:\Windows\System32\Wbem;C:\Windows\System32\WindowsPowerShell\v1.0\;C:\Windows\System32\OpenSSH\;C:\Program Files (x86)\NVIDIA Corporation\PhysX\Common;C:\Program Files\NVIDIA Corporation\NVIDIA NvDLISR;C:\WINDOWS\system32;C:\WINDOWS;C:\WINDOWS\System32\Wbem;C:\WINDOWS\System32\WindowsPowerShell\v1.0\;C:\WINDOWS\System32\OpenSSH\;C:\Program Files (x86)\dotnet\;C:\Program Files\Git\cmd;C:\Program Files\PowerShell\7\;C:\Users\Lenovo\AppData\Local\Programs\Python\Python39\Scripts\;C:\Users\Lenovo\AppData\Local\Programs\Python\Python39\;C:\Users\Lenovo\AppData\Local\Microsoft\WindowsApps;C:\Users\Lenovo\AppData\Local\Programs\Microsoft VS Code\bin;C:\Program Files (x86)\mingw-w64\i686-8.1.0-posix-dwarf-rt_v6-rev0\mingw32\bin;C:\Program Files\JetBrains\IntelliJ IDEA Community Edition 2021.2.1\bin;C:\Users\Lenovo\AppData\Local\Microsoft\WindowsApps;;C:\WINDOWS\system32;
USERNAME=Lenovo
OS=Windows_NT
PROCESSOR_IDENTIFIER=Intel64 Family 6 Model 126 Stepping 5, GenuineIntel
TMP=C:\Users\Lenovo\AppData\Local\Temp
TEMP=C:\Users\Lenovo\AppData\Local\Temp



---------------  S Y S T E M  ---------------

OS:
 Windows 11 , 64 bit Build 25267 (10.0.25267.1000)
OS uptime: 0 days 1:46 hours

CPU: total 8 (initial active 8) (4 cores per cpu, 2 threads per core) family 6 model 126 stepping 5 microcode 0xb2, cx8, cmov, fxsr, ht, mmx, 3dnowpref, sse, sse2, sse3, ssse3, sse4.1, sse4.2, popcnt, lzcnt, tsc, tscinvbit, avx, avx2, aes, erms, clmul, bmi1, bmi2, adx, avx512f, avx512dq, avx512cd, avx512bw, avx512vl, sha, fma, vzeroupper, avx512_vpopcntdq, avx512_vpclmulqdq, avx512_vaes, avx512_vnni, clflush, clflushopt, avx512_vbmi2, avx512_vbmi

Memory: 4k page, system-wide physical 7967M (338M free)
TotalPageFile size 23119M (AvailPageFile size 3M)
current process WorkingSet (physical memory assigned to process): 11M, peak: 11M
current process commit charge ("private bytes"): 60M, peak: 186M

vm_info: OpenJDK 64-Bit Server VM (17.0.6+10) for windows-amd64 JRE (17.0.6+10), built on Jan 18 2023 10:08:59 by "temurin" with MS VC++ 16.7 (VS2019)

END.
